{"/Users/brooksource9/Documents/projects/sudi/src/base/test.js":{"path":"/Users/brooksource9/Documents/projects/sudi/src/base/test.js","s":{"1":5,"2":1,"3":0,"4":0,"5":5,"6":0,"7":0,"8":5},"b":{"1":[0,0]},"f":{"1":0,"2":0},"fnMap":{"1":{"name":"_classCallCheck","line":7,"loc":{"start":{"line":0,"column":0},"end":{"line":0,"column":0}},"skip":true},"2":{"name":"Test","line":9,"loc":{"start":{"line":4,"column":12},"end":{"line":4,"column":22}}}},"statementMap":{"1":{"start":{"line":0,"column":0},"end":{"line":0,"column":0},"skip":true},"2":{"start":{"line":0,"column":0},"end":{"line":0,"column":0},"skip":true},"3":{"start":{"line":0,"column":0},"end":{"line":0,"column":0},"skip":true},"4":{"start":{"line":0,"column":0},"end":{"line":0,"column":0},"skip":true},"5":{"start":{"line":0,"column":0},"end":{"line":0,"column":0},"skip":true},"6":{"start":{"line":0,"column":0},"end":{"line":0,"column":0},"skip":true},"7":{"start":{"line":5,"column":2},"end":{"line":5,"column":30}},"8":{"start":{"line":0,"column":0},"end":{"line":0,"column":0},"skip":true}},"branchMap":{"1":{"line":7,"type":"if","locations":[{"start":{"line":0,"column":0},"end":{"line":0,"column":0},"skip":true},{"start":{"line":0,"column":0},"end":{"line":0,"column":0},"skip":true}]}}}}